<?xml version="1.0" encoding="UTF-8"?>
<!-- Generated by org.testng.reporters.JUnitReportReporter -->
<testsuite skipped="0" hostname="xmchemac014" name="com.bix.selenium.hybrid.HybridTest2" tests="2" failures="0" timestamp="22 Jan 2019 08:25:07 GMT" time="7.346" errors="0">
  <testcase name="execute" time="3.459" classname="com.bix.selenium.hybrid.HybridTest2"/>
  <testcase name="execute" time="3.887" classname="com.bix.selenium.hybrid.HybridTest2"/>
</testsuite> <!-- com.bix.selenium.hybrid.HybridTest2 -->
